#-----------------------------------------------------------
# Vivado v2018.3 (64-bit)
# SW Build 2405991 on Thu Dec  6 23:38:27 MST 2018
# IP Build 2404404 on Fri Dec  7 01:43:56 MST 2018
# Start of session at: Tue Jul  9 10:03:22 2024
# Process ID: 24504
# Current directory: C:/Users/xie/Desktop/CABLE_SAMPLE/cable_sample_board
# Command line: vivado.exe -gui_launcher_event rodinguilauncherevent10460 C:\Users\xie\Desktop\CABLE_SAMPLE\cable_sample_board\cable_sample_board.xpr
# Log file: C:/Users/xie/Desktop/CABLE_SAMPLE/cable_sample_board/vivado.log
# Journal file: C:/Users/xie/Desktop/CABLE_SAMPLE/cable_sample_board\vivado.jou
#-----------------------------------------------------------
start_gui
open_project C:/Users/xie/Desktop/CABLE_SAMPLE/cable_sample_board/cable_sample_board.xpr
Scanning sources...
Finished scanning sources
INFO: [IP_Flow 19-234] Refreshing IP repositories
INFO: [IP_Flow 19-1704] No user IP repositories specified
INFO: [IP_Flow 19-2313] Loaded Vivado IP repository 'C:/Xilinx/Vivado/2018.3/data/ip'.
update_compile_order -fileset sources_1
open_hw
connect_hw_server
INFO: [Labtools 27-2285] Connecting to hw_server url TCP:localhost:3121
open_hw_target
INFO: [Labtoolstcl 44-466] Opening hw_target localhost:3121/xilinx_tcf/Digilent/210512180081
set_property PROGRAM.FILE {C:/Users/xie/Desktop/CABLE_SAMPLE/cable_sample_board/cable_sample_board.runs/impl_1/CS_TOP.bit} [get_hw_devices xc7z020_1]
current_hw_device [get_hw_devices xc7z020_1]
refresh_hw_device -update_hw_probes false [lindex [get_hw_devices xc7z020_1] 0]
INFO: [Labtools 27-2302] Device xc7z020 (JTAG device index = 1) is programmed with a design that has 4 ILA core(s).
set_property PROBES.FILE {} [get_hw_devices xc7z020_1]
set_property FULL_PROBES.FILE {} [get_hw_devices xc7z020_1]
set_property PROGRAM.FILE {C:/Users/xie/Desktop/CABLE_SAMPLE/cable_sample_board/cable_sample_board.runs/impl_1/CS_TOP.bit} [get_hw_devices xc7z020_1]
program_hw_devices [get_hw_devices xc7z020_1]
INFO: [Labtools 27-3164] End of startup status: HIGH
refresh_hw_device [lindex [get_hw_devices xc7z020_1] 0]
INFO: [Labtools 27-1434] Device xc7z020 (JTAG device index = 1) is programmed with a design that has no supported debug core(s) in it.
ERROR: [Labtoolstcl 44-513] HW Target shutdown. Closing target: localhost:3121/xilinx_tcf/Digilent/210512180081
