Copyright 1986-2022 Xilinx, Inc. All Rights Reserved. Copyright 2022-2023 Advanced Micro Devices, Inc. All Rights Reserved.
---------------------------------------------------------------------------------------------------------------------------------------------
| Tool Version : Vivado v.2023.2 (win64) Build 4029153 Fri Oct 13 20:14:34 MDT 2023
| Date         : Tue Jun 10 23:08:20 2025
| Host         : xie running 64-bit major release  (build 9200)
| Command      : report_clock_utilization -file CS_TOP_clock_utilization_routed.rpt
| Design       : CS_TOP
| Device       : 7z020-clg400
| Speed File   : -2  PRODUCTION 1.12 2019-11-22
| Design State : Routed
---------------------------------------------------------------------------------------------------------------------------------------------

Clock Utilization Report

Table of Contents
-----------------
1. Clock Primitive Utilization
2. Global Clock Resources
3. Global Clock Source Details
4. Clock Regions: Key Resource Utilization
5. Clock Regions : Global Clock Summary
6. Device Cell Placement Summary for Global Clock g0
7. Device Cell Placement Summary for Global Clock g1
8. Device Cell Placement Summary for Global Clock g2
9. Device Cell Placement Summary for Global Clock g3
10. Device Cell Placement Summary for Global Clock g4
11. Device Cell Placement Summary for Global Clock g5
12. Device Cell Placement Summary for Global Clock g6
13. Device Cell Placement Summary for Global Clock g7
14. Device Cell Placement Summary for Global Clock g8
15. Clock Region Cell Placement per Global Clock: Region X0Y0
16. Clock Region Cell Placement per Global Clock: Region X1Y0
17. Clock Region Cell Placement per Global Clock: Region X1Y1
18. Clock Region Cell Placement per Global Clock: Region X1Y2

1. Clock Primitive Utilization
------------------------------

+----------+------+-----------+-----+--------------+--------+
| Type     | Used | Available | LOC | Clock Region | Pblock |
+----------+------+-----------+-----+--------------+--------+
| BUFGCTRL |    9 |        32 |   0 |            0 |      0 |
| BUFH     |    0 |        72 |   0 |            0 |      0 |
| BUFIO    |    1 |        16 |   1 |            0 |      0 |
| BUFMR    |    0 |         8 |   0 |            0 |      0 |
| BUFR     |    0 |        16 |   0 |            0 |      0 |
| MMCM     |    1 |         4 |   0 |            0 |      0 |
| PLL      |    0 |         4 |   0 |            0 |      0 |
+----------+------+-----------+-----+--------------+--------+


2. Global Clock Resources
-------------------------

+-----------+-----------+-----------------+------------+----------------+--------------+-------------------+-------------+-----------------+--------------+--------------------+-------------------------------------------------------------------+------------------------------------------------------------+
| Global Id | Source Id | Driver Type/Pin | Constraint | Site           | Clock Region | Load Clock Region | Clock Loads | Non-Clock Loads | Clock Period | Clock              | Driver Pin                                                        | Net                                                        |
+-----------+-----------+-----------------+------------+----------------+--------------+-------------------+-------------+-----------------+--------------+--------------------+-------------------------------------------------------------------+------------------------------------------------------------+
| g0        | src0      | BUFG/O          | None       | BUFGCTRL_X0Y16 | n/a          |                 3 |        1016 |               1 |              |                    | U_ETH/U_ETHTOP/u_gmii_to_rgmii/u_rgmii_rx/BUFG_inst/O             | U_ETH/U_ETHTOP/u_gmii_to_rgmii/u_rgmii_rx/rgmii_txc        |
| g1        | src1      | BUFG/O          | None       | BUFGCTRL_X0Y1  | n/a          |                 3 |         228 |               0 |       10.000 | clk_out2_clk_wiz_0 | types_write_clock0_BUFG_inst/O                                    | types_write_clock0_BUFG                                    |
| g2        | src2      | BUFG/O          | None       | BUFGCTRL_X0Y2  | n/a          |                 1 |         118 |               0 |              |                    | n_0_1230_BUFG_inst/O                                              | n_0_1230_BUFG                                              |
| g3        | src3      | BUFG/O          | None       | BUFGCTRL_X0Y3  | n/a          |                 1 |          39 |               0 |       10.000 | clk_out3_clk_wiz_0 | clk0_BUFG_inst/O                                                  | clk0_BUFG                                                  |
| g4        | src4      | BUFG/O          | None       | BUFGCTRL_X0Y0  | n/a          |                 1 |           1 |               0 |        5.000 | clk_out1_clk_wiz_0 | U_ETH/U_ETHTOP/u_gmii_to_rgmii/u_rgmii_rx/clk_200mHz0_BUFG_inst/O | U_ETH/U_ETHTOP/u_gmii_to_rgmii/u_rgmii_rx/clk_200mHz0_BUFG |
| g5        | src5      | BUFG/O          | None       | BUFGCTRL_X0Y18 | n/a          |                 1 |           1 |               0 |       20.000 | clkfbout_clk_wiz_0 | u_clk_wiz_0/inst/clkf_buf/O                                       | u_clk_wiz_0/inst/clkfbout_buf_clk_wiz_0                    |
| g6        | src4      | BUFG/O          | None       | BUFGCTRL_X0Y19 | n/a          |                 1 |           0 |               1 |        5.000 | clk_out1_clk_wiz_0 | u_clk_wiz_0/inst/clkout1_buf/O                                    | u_clk_wiz_0/inst/clk_out1                                  |
| g7        | src1      | BUFG/O          | None       | BUFGCTRL_X0Y17 | n/a          |                 2 |           0 |               3 |       10.000 | clk_out2_clk_wiz_0 | u_clk_wiz_0/inst/clkout2_buf/O                                    | u_clk_wiz_0/inst/clk_out2                                  |
| g8        | src3      | BUFG/O          | None       | BUFGCTRL_X0Y20 | n/a          |                 1 |           0 |               1 |       10.000 | clk_out3_clk_wiz_0 | u_clk_wiz_0/inst/clkout3_buf/O                                    | u_clk_wiz_0/inst/clk_out3                                  |
+-----------+-----------+-----------------+------------+----------------+--------------+-------------------+-------------+-----------------+--------------+--------------------+-------------------------------------------------------------------+------------------------------------------------------------+
* Clock Loads column represents cell count of net connects that connect to a clock pin. Internal cell leaf pins are not considered
** Non-Clock Loads column represents cell count of non-clock pin loads


3. Global Clock Source Details
------------------------------

+-----------+-----------+---------------------+------------+-----------------+--------------+-------------+-----------------+---------------------+--------------------+-----------------------------------------------------------------+-------------------------------------------------------+
| Source Id | Global Id | Driver Type/Pin     | Constraint | Site            | Clock Region | Clock Loads | Non-Clock Loads | Source Clock Period | Source Clock       | Driver Pin                                                      | Net                                                   |
+-----------+-----------+---------------------+------------+-----------------+--------------+-------------+-----------------+---------------------+--------------------+-----------------------------------------------------------------+-------------------------------------------------------+
| src0      | g0        | IBUF/O              | IOB_X1Y126 | IOB_X1Y126      | X1Y2         |           2 |               0 |                     |                    | eth_read_clk_IBUF_inst/O                                        | eth_read_clk_IBUF                                     |
| src1      | g1        | LUT2/O              | None       | SLICE_X50Y46    | X1Y0         |           1 |               0 |              10.000 | clk_out2_clk_wiz_0 | types_write_clock0_BUFG_inst_i_1/O                              | types_write_clock0                                    |
| src1      | g7        | MMCME2_ADV/CLKOUT1  | None       | MMCME2_ADV_X1Y1 | X1Y1         |           1 |               0 |              10.000 | clk_out2_clk_wiz_0 | u_clk_wiz_0/inst/mmcm_adv_inst/CLKOUT1                          | u_clk_wiz_0/inst/clk_out2_clk_wiz_0                   |
| src2      | g2        | LUT2/O              | None       | SLICE_X50Y47    | X1Y0         |           1 |               0 |                     |                    | U_ETH/U_W32T8/n_0_1230_BUFG_inst_i_1/O                          | U_ETH/U_W32T8/n_0_1230_BUFG_inst_n_1                  |
| src3      | g3        | LUT2/O              | None       | SLICE_X50Y46    | X1Y0         |           1 |               0 |              10.000 | clk_out3_clk_wiz_0 | clk0_BUFG_inst_i_1/O                                            | clk0                                                  |
| src3      | g8        | MMCME2_ADV/CLKOUT2  | None       | MMCME2_ADV_X1Y1 | X1Y1         |           1 |               0 |              10.000 | clk_out3_clk_wiz_0 | u_clk_wiz_0/inst/mmcm_adv_inst/CLKOUT2                          | u_clk_wiz_0/inst/clk_out3_clk_wiz_0                   |
| src4      | g4        | LUT2/O              | None       | SLICE_X50Y47    | X1Y0         |           1 |               0 |               5.000 | clk_out1_clk_wiz_0 | U_ETH/U_ETHTOP/u_gmii_to_rgmii/u_rgmii_rx/IDELAYCTRL_inst_i_1/O | U_ETH/U_ETHTOP/u_gmii_to_rgmii/u_rgmii_rx/clk_200mHz0 |
| src4      | g6        | MMCME2_ADV/CLKOUT0  | None       | MMCME2_ADV_X1Y1 | X1Y1         |           1 |               0 |               5.000 | clk_out1_clk_wiz_0 | u_clk_wiz_0/inst/mmcm_adv_inst/CLKOUT0                          | u_clk_wiz_0/inst/clk_out1_clk_wiz_0                   |
| src5      | g5        | MMCME2_ADV/CLKFBOUT | None       | MMCME2_ADV_X1Y1 | X1Y1         |           1 |               0 |              20.000 | clkfbout_clk_wiz_0 | u_clk_wiz_0/inst/mmcm_adv_inst/CLKFBOUT                         | u_clk_wiz_0/inst/clkfbout_clk_wiz_0                   |
+-----------+-----------+---------------------+------------+-----------------+--------------+-------------+-----------------+---------------------+--------------------+-----------------------------------------------------------------+-------------------------------------------------------+
* Clock Loads column represents cell count of net connects that connect to a clock pin. Internal cell leaf pins are not considered
** Non-Clock Loads column represents cell count of non-clock pin loads


4. Clock Regions: Key Resource Utilization
------------------------------------------

+-------------------+--------------+--------------+--------------+--------------+--------------+--------------+--------------+--------------+--------------+--------------+--------------+--------------+--------------+--------------+--------------+
|                   | Global Clock |     BUFRs    |    BUFMRs    |    BUFIOs    |     MMCM     |      PLL     |      GT      |      PCI     |    ILOGIC    |    OLOGIC    |      FF      |     LUTM     |    RAMB18    |    RAMB36    |    DSP48E2   |
+-------------------+------+-------+------+-------+------+-------+------+-------+------+-------+------+-------+------+-------+------+-------+------+-------+------+-------+------+-------+------+-------+------+-------+------+-------+------+-------+
| Clock Region Name | Used | Avail | Used | Avail | Used | Avail | Used | Avail | Used | Avail | Used | Avail | Used | Avail | Used | Avail | Used | Avail | Used | Avail | Used | Avail | Used | Avail | Used | Avail | Used | Avail | Used | Avail |
+-------------------+------+-------+------+-------+------+-------+------+-------+------+-------+------+-------+------+-------+------+-------+------+-------+------+-------+------+-------+------+-------+------+-------+------+-------+------+-------+
| X0Y0              |    2 |    12 |    0 |     4 |    0 |     2 |    0 |     4 |    0 |     1 |    0 |     1 |    0 |     0 |    0 |     0 |    0 |    50 |    0 |    50 |    2 |  2500 |    2 |  1000 |    0 |    60 |    4 |    30 |    0 |    60 |
| X1Y0              |    7 |    12 |    0 |     4 |    0 |     2 |    0 |     4 |    0 |     1 |    0 |     1 |    0 |     0 |    0 |     0 |    0 |    50 |    0 |    50 | 1086 |  3200 |  367 |   850 |    0 |    60 |    0 |    30 |    0 |    40 |
| X0Y1              |    0 |    12 |    0 |     0 |    0 |     0 |    0 |     0 |    0 |     0 |    0 |     0 |    0 |     0 |    0 |     0 |    0 |     0 |    0 |     0 |    0 |  1200 |    0 |   400 |    0 |    20 |    0 |    10 |    0 |    20 |
| X1Y1              |    3 |    12 |    0 |     4 |    0 |     2 |    0 |     4 |    1 |     1 |    0 |     1 |    0 |     0 |    0 |     0 |    0 |    50 |    0 |    50 |  294 |  2600 |  137 |   850 |    0 |    60 |    0 |    30 |    0 |    40 |
| X0Y2              |    0 |    12 |    0 |     0 |    0 |     0 |    0 |     0 |    0 |     0 |    0 |     0 |    0 |     0 |    0 |     0 |    0 |     0 |    0 |     0 |    0 |  1200 |    0 |   400 |    0 |    20 |    0 |    10 |    0 |    20 |
| X1Y2              |    3 |    12 |    0 |     4 |    0 |     2 |    1 |     4 |    0 |     1 |    0 |     1 |    0 |     0 |    0 |     0 |    5 |    50 |    5 |    50 |    0 |  2600 |    0 |   850 |    0 |    60 |    0 |    30 |    0 |    40 |
+-------------------+------+-------+------+-------+------+-------+------+-------+------+-------+------+-------+------+-------+------+-------+------+-------+------+-------+------+-------+------+-------+------+-------+------+-------+------+-------+
* Global Clock column represents track count; while other columns represents cell counts


5. Clock Regions : Global Clock Summary
---------------------------------------

All Modules
+----+----+----+
|    | X0 | X1 |
+----+----+----+
| Y2 |  0 |  0 |
| Y1 |  0 |  0 |
| Y0 |  0 |  0 |
+----+----+----+


6. Device Cell Placement Summary for Global Clock g0
----------------------------------------------------

+-----------+-----------------+-------------------+-------+-------------+---------------+-------------+----------+----------------+----------+-----------------------------------------------------+
| Global Id | Driver Type/Pin | Driver Region (D) | Clock | Period (ns) | Waveform (ns) | Slice Loads | IO Loads | Clocking Loads | GT Loads | Net                                                 |
+-----------+-----------------+-------------------+-------+-------------+---------------+-------------+----------+----------------+----------+-----------------------------------------------------+
| g0        | BUFG/O          | n/a               |       |             |               |        1016 |        1 |              0 |        0 | U_ETH/U_ETHTOP/u_gmii_to_rgmii/u_rgmii_rx/rgmii_txc |
+-----------+-----------------+-------------------+-------+-------------+---------------+-------------+----------+----------------+----------+-----------------------------------------------------+
* Slice Loads column represents load cell count of all cell types other than IO, GT and clock resources
** IO Loads column represents load cell count of IO types
*** Clocking Loads column represents load cell count that are clock resources (global clock buffer, MMCM, PLL, etc)
**** GT Loads column represents load cell count of GT types


+----+----+------+-----------------------+
|    | X0 | X1   | HORIZONTAL PROG DELAY |
+----+----+------+-----------------------+
| Y2 |  0 |    6 |                     0 |
| Y1 |  0 |  292 |                     0 |
| Y0 |  0 |  719 |                     0 |
+----+----+------+-----------------------+


7. Device Cell Placement Summary for Global Clock g1
----------------------------------------------------

+-----------+-----------------+-------------------+--------------------+-------------+---------------+-------------+----------+----------------+----------+-------------------------+
| Global Id | Driver Type/Pin | Driver Region (D) | Clock              | Period (ns) | Waveform (ns) | Slice Loads | IO Loads | Clocking Loads | GT Loads | Net                     |
+-----------+-----------------+-------------------+--------------------+-------------+---------------+-------------+----------+----------------+----------+-------------------------+
| g1        | BUFG/O          | n/a               | clk_out2_clk_wiz_0 |      10.000 | {0.000 5.000} |         228 |        0 |              0 |        0 | types_write_clock0_BUFG |
+-----------+-----------------+-------------------+--------------------+-------------+---------------+-------------+----------+----------------+----------+-------------------------+
* Slice Loads column represents load cell count of all cell types other than IO, GT and clock resources
** IO Loads column represents load cell count of IO types
*** Clocking Loads column represents load cell count that are clock resources (global clock buffer, MMCM, PLL, etc)
**** GT Loads column represents load cell count of GT types


+----+----+------+-----------------------+
|    | X0 | X1   | HORIZONTAL PROG DELAY |
+----+----+------+-----------------------+
| Y2 |  0 |    0 |                     - |
| Y1 |  0 |    2 |                     0 |
| Y0 |  6 |  220 |                     0 |
+----+----+------+-----------------------+


8. Device Cell Placement Summary for Global Clock g2
----------------------------------------------------

+-----------+-----------------+-------------------+-------+-------------+---------------+-------------+----------+----------------+----------+---------------+
| Global Id | Driver Type/Pin | Driver Region (D) | Clock | Period (ns) | Waveform (ns) | Slice Loads | IO Loads | Clocking Loads | GT Loads | Net           |
+-----------+-----------------+-------------------+-------+-------------+---------------+-------------+----------+----------------+----------+---------------+
| g2        | BUFG/O          | n/a               |       |             |               |         118 |        0 |              0 |        0 | n_0_1230_BUFG |
+-----------+-----------------+-------------------+-------+-------------+---------------+-------------+----------+----------------+----------+---------------+
* Slice Loads column represents load cell count of all cell types other than IO, GT and clock resources
** IO Loads column represents load cell count of IO types
*** Clocking Loads column represents load cell count that are clock resources (global clock buffer, MMCM, PLL, etc)
**** GT Loads column represents load cell count of GT types


+----+----+------+-----------------------+
|    | X0 | X1   | HORIZONTAL PROG DELAY |
+----+----+------+-----------------------+
| Y2 |  0 |    0 |                     - |
| Y1 |  0 |    0 |                     - |
| Y0 |  0 |  118 |                     0 |
+----+----+------+-----------------------+


9. Device Cell Placement Summary for Global Clock g3
----------------------------------------------------

+-----------+-----------------+-------------------+--------------------+-------------+---------------+-------------+----------+----------------+----------+-----------+
| Global Id | Driver Type/Pin | Driver Region (D) | Clock              | Period (ns) | Waveform (ns) | Slice Loads | IO Loads | Clocking Loads | GT Loads | Net       |
+-----------+-----------------+-------------------+--------------------+-------------+---------------+-------------+----------+----------------+----------+-----------+
| g3        | BUFG/O          | n/a               | clk_out3_clk_wiz_0 |      10.000 | {0.000 5.000} |          39 |        0 |              0 |        0 | clk0_BUFG |
+-----------+-----------------+-------------------+--------------------+-------------+---------------+-------------+----------+----------------+----------+-----------+
* Slice Loads column represents load cell count of all cell types other than IO, GT and clock resources
** IO Loads column represents load cell count of IO types
*** Clocking Loads column represents load cell count that are clock resources (global clock buffer, MMCM, PLL, etc)
**** GT Loads column represents load cell count of GT types


+----+----+-----+-----------------------+
|    | X0 | X1  | HORIZONTAL PROG DELAY |
+----+----+-----+-----------------------+
| Y2 |  0 |   0 |                     - |
| Y1 |  0 |   0 |                     - |
| Y0 |  0 |  39 |                     0 |
+----+----+-----+-----------------------+


10. Device Cell Placement Summary for Global Clock g4
-----------------------------------------------------

+-----------+-----------------+-------------------+--------------------+-------------+---------------+-------------+----------+----------------+----------+------------------------------------------------------------+
| Global Id | Driver Type/Pin | Driver Region (D) | Clock              | Period (ns) | Waveform (ns) | Slice Loads | IO Loads | Clocking Loads | GT Loads | Net                                                        |
+-----------+-----------------+-------------------+--------------------+-------------+---------------+-------------+----------+----------------+----------+------------------------------------------------------------+
| g4        | BUFG/O          | n/a               | clk_out1_clk_wiz_0 |       5.000 | {0.000 2.500} |           1 |        0 |              0 |        0 | U_ETH/U_ETHTOP/u_gmii_to_rgmii/u_rgmii_rx/clk_200mHz0_BUFG |
+-----------+-----------------+-------------------+--------------------+-------------+---------------+-------------+----------+----------------+----------+------------------------------------------------------------+
* Slice Loads column represents load cell count of all cell types other than IO, GT and clock resources
** IO Loads column represents load cell count of IO types
*** Clocking Loads column represents load cell count that are clock resources (global clock buffer, MMCM, PLL, etc)
**** GT Loads column represents load cell count of GT types


+----+----+----+-----------------------+
|    | X0 | X1 | HORIZONTAL PROG DELAY |
+----+----+----+-----------------------+
| Y2 |  0 |  1 |                     0 |
| Y1 |  0 |  0 |                     - |
| Y0 |  0 |  0 |                     - |
+----+----+----+-----------------------+


11. Device Cell Placement Summary for Global Clock g5
-----------------------------------------------------

+-----------+-----------------+-------------------+--------------------+-------------+----------------+-------------+----------+----------------+----------+-----------------------------------------+
| Global Id | Driver Type/Pin | Driver Region (D) | Clock              | Period (ns) | Waveform (ns)  | Slice Loads | IO Loads | Clocking Loads | GT Loads | Net                                     |
+-----------+-----------------+-------------------+--------------------+-------------+----------------+-------------+----------+----------------+----------+-----------------------------------------+
| g5        | BUFG/O          | n/a               | clkfbout_clk_wiz_0 |      20.000 | {0.000 10.000} |           0 |        0 |              1 |        0 | u_clk_wiz_0/inst/clkfbout_buf_clk_wiz_0 |
+-----------+-----------------+-------------------+--------------------+-------------+----------------+-------------+----------+----------------+----------+-----------------------------------------+
* Slice Loads column represents load cell count of all cell types other than IO, GT and clock resources
** IO Loads column represents load cell count of IO types
*** Clocking Loads column represents load cell count that are clock resources (global clock buffer, MMCM, PLL, etc)
**** GT Loads column represents load cell count of GT types


+----+----+----+-----------------------+
|    | X0 | X1 | HORIZONTAL PROG DELAY |
+----+----+----+-----------------------+
| Y2 |  0 |  0 |                     - |
| Y1 |  0 |  1 |                     0 |
| Y0 |  0 |  0 |                     - |
+----+----+----+-----------------------+


12. Device Cell Placement Summary for Global Clock g6
-----------------------------------------------------

+-----------+-----------------+-------------------+--------------------+-------------+---------------+-------------+----------+----------------+----------+---------------------------+
| Global Id | Driver Type/Pin | Driver Region (D) | Clock              | Period (ns) | Waveform (ns) | Slice Loads | IO Loads | Clocking Loads | GT Loads | Net                       |
+-----------+-----------------+-------------------+--------------------+-------------+---------------+-------------+----------+----------------+----------+---------------------------+
| g6        | BUFG/O          | n/a               | clk_out1_clk_wiz_0 |       5.000 | {0.000 2.500} |           1 |        0 |              0 |        0 | u_clk_wiz_0/inst/clk_out1 |
+-----------+-----------------+-------------------+--------------------+-------------+---------------+-------------+----------+----------------+----------+---------------------------+
* Slice Loads column represents load cell count of all cell types other than IO, GT and clock resources
** IO Loads column represents load cell count of IO types
*** Clocking Loads column represents load cell count that are clock resources (global clock buffer, MMCM, PLL, etc)
**** GT Loads column represents load cell count of GT types


+----+----+----+-----------------------+
|    | X0 | X1 | HORIZONTAL PROG DELAY |
+----+----+----+-----------------------+
| Y2 |  0 |  0 |                     - |
| Y1 |  0 |  0 |                     - |
| Y0 |  0 |  1 |                     0 |
+----+----+----+-----------------------+


13. Device Cell Placement Summary for Global Clock g7
-----------------------------------------------------

+-----------+-----------------+-------------------+--------------------+-------------+---------------+-------------+----------+----------------+----------+---------------------------+
| Global Id | Driver Type/Pin | Driver Region (D) | Clock              | Period (ns) | Waveform (ns) | Slice Loads | IO Loads | Clocking Loads | GT Loads | Net                       |
+-----------+-----------------+-------------------+--------------------+-------------+---------------+-------------+----------+----------------+----------+---------------------------+
| g7        | BUFG/O          | n/a               | clk_out2_clk_wiz_0 |      10.000 | {0.000 5.000} |           2 |        1 |              0 |        0 | u_clk_wiz_0/inst/clk_out2 |
+-----------+-----------------+-------------------+--------------------+-------------+---------------+-------------+----------+----------------+----------+---------------------------+
* Slice Loads column represents load cell count of all cell types other than IO, GT and clock resources
** IO Loads column represents load cell count of IO types
*** Clocking Loads column represents load cell count that are clock resources (global clock buffer, MMCM, PLL, etc)
**** GT Loads column represents load cell count of GT types


+----+----+----+-----------------------+
|    | X0 | X1 | HORIZONTAL PROG DELAY |
+----+----+----+-----------------------+
| Y2 |  0 |  0 |                     - |
| Y1 |  0 |  0 |                     - |
| Y0 |  1 |  2 |                     0 |
+----+----+----+-----------------------+


14. Device Cell Placement Summary for Global Clock g8
-----------------------------------------------------

+-----------+-----------------+-------------------+--------------------+-------------+---------------+-------------+----------+----------------+----------+---------------------------+
| Global Id | Driver Type/Pin | Driver Region (D) | Clock              | Period (ns) | Waveform (ns) | Slice Loads | IO Loads | Clocking Loads | GT Loads | Net                       |
+-----------+-----------------+-------------------+--------------------+-------------+---------------+-------------+----------+----------------+----------+---------------------------+
| g8        | BUFG/O          | n/a               | clk_out3_clk_wiz_0 |      10.000 | {0.000 5.000} |           1 |        0 |              0 |        0 | u_clk_wiz_0/inst/clk_out3 |
+-----------+-----------------+-------------------+--------------------+-------------+---------------+-------------+----------+----------------+----------+---------------------------+
* Slice Loads column represents load cell count of all cell types other than IO, GT and clock resources
** IO Loads column represents load cell count of IO types
*** Clocking Loads column represents load cell count that are clock resources (global clock buffer, MMCM, PLL, etc)
**** GT Loads column represents load cell count of GT types


+----+----+----+-----------------------+
|    | X0 | X1 | HORIZONTAL PROG DELAY |
+----+----+----+-----------------------+
| Y2 |  0 |  0 |                     - |
| Y1 |  0 |  0 |                     - |
| Y0 |  0 |  1 |                     0 |
+----+----+----+-----------------------+


15. Clock Region Cell Placement per Global Clock: Region X0Y0
-------------------------------------------------------------

+-----------+-------+-----------------+------------+-------------+-----------------+----+-------------+------+-----+----+------+-----+---------+---------------------------+
| Global Id | Track | Driver Type/Pin | Constraint | Clock Loads | Non-Clock Loads | FF | Memory LUTs | RAMB | DSP | GT | MMCM | PLL | Hard IP | Net                       |
+-----------+-------+-----------------+------------+-------------+-----------------+----+-------------+------+-----+----+------+-----+---------+---------------------------+
| g1        | n/a   | BUFG/O          | None       |           6 |               0 |  2 |           0 |    4 |   0 |  0 |    0 |   0 |       0 | types_write_clock0_BUFG   |
| g7        | n/a   | BUFG/O          | None       |           0 |               1 |  0 |           0 |    0 |   0 |  0 |    0 |   0 |       0 | u_clk_wiz_0/inst/clk_out2 |
+-----------+-------+-----------------+------------+-------------+-----------------+----+-------------+------+-----+----+------+-----+---------+---------------------------+
* Clock Loads column represents cell count of net connects that connect to a clock pin. Internal cell leaf pins are not considered
** Non-Clock Loads column represents cell count of non-clock pin loads
*** Columns FF, LUTRAM, RAMB through 'Hard IP' represents load cell counts


16. Clock Region Cell Placement per Global Clock: Region X1Y0
-------------------------------------------------------------

+-----------+-------+-----------------+------------+-------------+-----------------+-----+-------------+------+-----+----+------+-----+---------+-----------------------------------------------------+
| Global Id | Track | Driver Type/Pin | Constraint | Clock Loads | Non-Clock Loads | FF  | Memory LUTs | RAMB | DSP | GT | MMCM | PLL | Hard IP | Net                                                 |
+-----------+-------+-----------------+------------+-------------+-----------------+-----+-------------+------+-----+----+------+-----+---------+-----------------------------------------------------+
| g0        | n/a   | BUFG/O          | None       |         719 |               0 | 714 |           3 |    0 |   0 |  0 |    0 |   0 |       0 | U_ETH/U_ETHTOP/u_gmii_to_rgmii/u_rgmii_rx/rgmii_txc |
| g1        | n/a   | BUFG/O          | None       |         220 |               0 | 217 |           2 |    0 |   0 |  0 |    0 |   0 |       0 | types_write_clock0_BUFG                             |
| g2        | n/a   | BUFG/O          | None       |         118 |               0 | 116 |           1 |    0 |   0 |  0 |    0 |   0 |       0 | n_0_1230_BUFG                                       |
| g3        | n/a   | BUFG/O          | None       |          39 |               0 |  39 |           0 |    0 |   0 |  0 |    0 |   0 |       0 | clk0_BUFG                                           |
| g6        | n/a   | BUFG/O          | None       |           0 |               1 |   0 |           0 |    0 |   0 |  0 |    0 |   0 |       0 | u_clk_wiz_0/inst/clk_out1                           |
| g7        | n/a   | BUFG/O          | None       |           0 |               2 |   0 |           0 |    0 |   0 |  0 |    0 |   0 |       0 | u_clk_wiz_0/inst/clk_out2                           |
| g8        | n/a   | BUFG/O          | None       |           0 |               1 |   0 |           0 |    0 |   0 |  0 |    0 |   0 |       0 | u_clk_wiz_0/inst/clk_out3                           |
+-----------+-------+-----------------+------------+-------------+-----------------+-----+-------------+------+-----+----+------+-----+---------+-----------------------------------------------------+
* Clock Loads column represents cell count of net connects that connect to a clock pin. Internal cell leaf pins are not considered
** Non-Clock Loads column represents cell count of non-clock pin loads
*** Columns FF, LUTRAM, RAMB through 'Hard IP' represents load cell counts


17. Clock Region Cell Placement per Global Clock: Region X1Y1
-------------------------------------------------------------

+-----------+-------+-----------------+------------+-------------+-----------------+-----+-------------+------+-----+----+------+-----+---------+-----------------------------------------------------+
| Global Id | Track | Driver Type/Pin | Constraint | Clock Loads | Non-Clock Loads | FF  | Memory LUTs | RAMB | DSP | GT | MMCM | PLL | Hard IP | Net                                                 |
+-----------+-------+-----------------+------------+-------------+-----------------+-----+-------------+------+-----+----+------+-----+---------+-----------------------------------------------------+
| g0        | n/a   | BUFG/O          | None       |         292 |               0 | 292 |           0 |    0 |   0 |  0 |    0 |   0 |       0 | U_ETH/U_ETHTOP/u_gmii_to_rgmii/u_rgmii_rx/rgmii_txc |
| g1        | n/a   | BUFG/O          | None       |           2 |               0 |   2 |           0 |    0 |   0 |  0 |    0 |   0 |       0 | types_write_clock0_BUFG                             |
| g5        | n/a   | BUFG/O          | None       |           1 |               0 |   0 |           0 |    0 |   0 |  0 |    1 |   0 |       0 | u_clk_wiz_0/inst/clkfbout_buf_clk_wiz_0             |
+-----------+-------+-----------------+------------+-------------+-----------------+-----+-------------+------+-----+----+------+-----+---------+-----------------------------------------------------+
* Clock Loads column represents cell count of net connects that connect to a clock pin. Internal cell leaf pins are not considered
** Non-Clock Loads column represents cell count of non-clock pin loads
*** Columns FF, LUTRAM, RAMB through 'Hard IP' represents load cell counts


18. Clock Region Cell Placement per Global Clock: Region X1Y2
-------------------------------------------------------------

+-----------+-------+-----------------+------------+-------------+-----------------+----+-------------+------+-----+----+------+-----+---------+------------------------------------------------------------+
| Global Id | Track | Driver Type/Pin | Constraint | Clock Loads | Non-Clock Loads | FF | Memory LUTs | RAMB | DSP | GT | MMCM | PLL | Hard IP | Net                                                        |
+-----------+-------+-----------------+------------+-------------+-----------------+----+-------------+------+-----+----+------+-----+---------+------------------------------------------------------------+
| g0        | n/a   | BUFG/O          | None       |           5 |               1 |  0 |           0 |    0 |   0 |  0 |    0 |   0 |       0 | U_ETH/U_ETHTOP/u_gmii_to_rgmii/u_rgmii_rx/rgmii_txc        |
| g4        | n/a   | BUFG/O          | None       |           1 |               0 |  0 |           0 |    0 |   0 |  0 |    0 |   0 |       0 | U_ETH/U_ETHTOP/u_gmii_to_rgmii/u_rgmii_rx/clk_200mHz0_BUFG |
+-----------+-------+-----------------+------------+-------------+-----------------+----+-------------+------+-----+----+------+-----+---------+------------------------------------------------------------+
* Clock Loads column represents cell count of net connects that connect to a clock pin. Internal cell leaf pins are not considered
** Non-Clock Loads column represents cell count of non-clock pin loads
*** Columns FF, LUTRAM, RAMB through 'Hard IP' represents load cell counts



# Location of BUFG Primitives 
set_property LOC BUFGCTRL_X0Y18 [get_cells u_clk_wiz_0/inst/clkf_buf]
set_property LOC BUFGCTRL_X0Y20 [get_cells u_clk_wiz_0/inst/clkout3_buf]
set_property LOC BUFGCTRL_X0Y17 [get_cells u_clk_wiz_0/inst/clkout2_buf]
set_property LOC BUFGCTRL_X0Y19 [get_cells u_clk_wiz_0/inst/clkout1_buf]
set_property LOC BUFGCTRL_X0Y1 [get_cells types_write_clock0_BUFG_inst]
set_property LOC BUFGCTRL_X0Y2 [get_cells n_0_1230_BUFG_inst]
set_property LOC BUFGCTRL_X0Y3 [get_cells clk0_BUFG_inst]
set_property LOC BUFGCTRL_X0Y16 [get_cells U_ETH/U_ETHTOP/u_gmii_to_rgmii/u_rgmii_rx/BUFG_inst]
set_property LOC BUFGCTRL_X0Y0 [get_cells U_ETH/U_ETHTOP/u_gmii_to_rgmii/u_rgmii_rx/clk_200mHz0_BUFG_inst]

# Location of BUFIO Primitives 
set_property LOC BUFIO_X1Y10 [get_cells U_ETH/U_ETHTOP/u_gmii_to_rgmii/u_rgmii_rx/BUFIO_inst]

# Location of IO Primitives which is load of clock spine
set_property LOC IOB_X1Y147 [get_cells eth_write_clk_OBUF_inst]
set_property LOC IOB_X0Y13 [get_cells da_write_clk_OBUF_inst]

# Location of clock ports
set_property LOC IOB_X1Y126 [get_ports eth_read_clk]
set_property LOC IOB_X1Y76 [get_ports sys_clk]

# Clock net "u_clk_wiz_0/inst/clk_out3" driven by instance "u_clk_wiz_0/inst/clkout3_buf" located at site "BUFGCTRL_X0Y20"
#startgroup
create_pblock {CLKAG_u_clk_wiz_0/inst/clk_out3}
add_cells_to_pblock [get_pblocks  {CLKAG_u_clk_wiz_0/inst/clk_out3}] [get_cells -filter { PRIMITIVE_GROUP != I/O && IS_PRIMITIVE==1 && PRIMITIVE_LEVEL !=INTERNAL } -of_object [get_pins -filter {DIRECTION==IN} -of_objects [get_nets -hierarchical -filter {PARENT=="u_clk_wiz_0/inst/clk_out3"}]]]
resize_pblock [get_pblocks {CLKAG_u_clk_wiz_0/inst/clk_out3}] -add {CLOCKREGION_X1Y0:CLOCKREGION_X1Y0}
#endgroup

# Clock net "u_clk_wiz_0/inst/clk_out2" driven by instance "u_clk_wiz_0/inst/clkout2_buf" located at site "BUFGCTRL_X0Y17"
#startgroup
create_pblock {CLKAG_u_clk_wiz_0/inst/clk_out2}
add_cells_to_pblock [get_pblocks  {CLKAG_u_clk_wiz_0/inst/clk_out2}] [get_cells -filter { PRIMITIVE_GROUP != I/O && IS_PRIMITIVE==1 && PRIMITIVE_LEVEL !=INTERNAL && NAME!=da_write_clk_OBUF_inst} -of_object [get_pins -filter {DIRECTION==IN} -of_objects [get_nets -hierarchical -filter {PARENT=="u_clk_wiz_0/inst/clk_out2"}]]]
resize_pblock [get_pblocks {CLKAG_u_clk_wiz_0/inst/clk_out2}] -add {CLOCKREGION_X1Y0:CLOCKREGION_X1Y0}
#endgroup

# Clock net "u_clk_wiz_0/inst/clk_out1" driven by instance "u_clk_wiz_0/inst/clkout1_buf" located at site "BUFGCTRL_X0Y19"
#startgroup
create_pblock {CLKAG_u_clk_wiz_0/inst/clk_out1}
add_cells_to_pblock [get_pblocks  {CLKAG_u_clk_wiz_0/inst/clk_out1}] [get_cells -filter { PRIMITIVE_GROUP != I/O && IS_PRIMITIVE==1 && PRIMITIVE_LEVEL !=INTERNAL } -of_object [get_pins -filter {DIRECTION==IN} -of_objects [get_nets -hierarchical -filter {PARENT=="u_clk_wiz_0/inst/clk_out1"}]]]
resize_pblock [get_pblocks {CLKAG_u_clk_wiz_0/inst/clk_out1}] -add {CLOCKREGION_X1Y0:CLOCKREGION_X1Y0}
#endgroup

# Clock net "types_write_clock0_BUFG" driven by instance "types_write_clock0_BUFG_inst" located at site "BUFGCTRL_X0Y1"
#startgroup
create_pblock {CLKAG_types_write_clock0_BUFG}
add_cells_to_pblock [get_pblocks  {CLKAG_types_write_clock0_BUFG}] [get_cells -filter { PRIMITIVE_GROUP != I/O && IS_PRIMITIVE==1 && PRIMITIVE_LEVEL !=INTERNAL } -of_object [get_pins -filter {DIRECTION==IN} -of_objects [get_nets -hierarchical -filter {PARENT=="types_write_clock0_BUFG"}]]]
resize_pblock [get_pblocks {CLKAG_types_write_clock0_BUFG}] -add {CLOCKREGION_X0Y0:CLOCKREGION_X0Y0 CLOCKREGION_X1Y0:CLOCKREGION_X1Y0 CLOCKREGION_X1Y1:CLOCKREGION_X1Y1}
#endgroup

# Clock net "n_0_1230_BUFG" driven by instance "n_0_1230_BUFG_inst" located at site "BUFGCTRL_X0Y2"
#startgroup
create_pblock {CLKAG_n_0_1230_BUFG}
add_cells_to_pblock [get_pblocks  {CLKAG_n_0_1230_BUFG}] [get_cells -filter { PRIMITIVE_GROUP != I/O && IS_PRIMITIVE==1 && PRIMITIVE_LEVEL !=INTERNAL } -of_object [get_pins -filter {DIRECTION==IN} -of_objects [get_nets -hierarchical -filter {PARENT=="n_0_1230_BUFG"}]]]
resize_pblock [get_pblocks {CLKAG_n_0_1230_BUFG}] -add {CLOCKREGION_X1Y0:CLOCKREGION_X1Y0}
#endgroup

# Clock net "clk0_BUFG" driven by instance "clk0_BUFG_inst" located at site "BUFGCTRL_X0Y3"
#startgroup
create_pblock {CLKAG_clk0_BUFG}
add_cells_to_pblock [get_pblocks  {CLKAG_clk0_BUFG}] [get_cells -filter { PRIMITIVE_GROUP != I/O && IS_PRIMITIVE==1 && PRIMITIVE_LEVEL !=INTERNAL } -of_object [get_pins -filter {DIRECTION==IN} -of_objects [get_nets -hierarchical -filter {PARENT=="clk0_BUFG"}]]]
resize_pblock [get_pblocks {CLKAG_clk0_BUFG}] -add {CLOCKREGION_X1Y0:CLOCKREGION_X1Y0}
#endgroup

# Clock net "U_ETH/U_ETHTOP/u_gmii_to_rgmii/u_rgmii_rx/rgmii_txc" driven by instance "U_ETH/U_ETHTOP/u_gmii_to_rgmii/u_rgmii_rx/BUFG_inst" located at site "BUFGCTRL_X0Y16"
#startgroup
create_pblock {CLKAG_U_ETH/U_ETHTOP/u_gmii_to_rgmii/u_rgmii_rx/rgmii_txc}
add_cells_to_pblock [get_pblocks  {CLKAG_U_ETH/U_ETHTOP/u_gmii_to_rgmii/u_rgmii_rx/rgmii_txc}] [get_cells -filter { PRIMITIVE_GROUP != I/O && IS_PRIMITIVE==1 && PRIMITIVE_LEVEL !=INTERNAL && NAME!=eth_write_clk_OBUF_inst} -of_object [get_pins -filter {DIRECTION==IN} -of_objects [get_nets -hierarchical -filter {PARENT=="U_ETH/U_ETHTOP/u_gmii_to_rgmii/u_rgmii_rx/rgmii_txc"}]]]
resize_pblock [get_pblocks {CLKAG_U_ETH/U_ETHTOP/u_gmii_to_rgmii/u_rgmii_rx/rgmii_txc}] -add {CLOCKREGION_X1Y0:CLOCKREGION_X1Y0 CLOCKREGION_X1Y1:CLOCKREGION_X1Y1 CLOCKREGION_X1Y2:CLOCKREGION_X1Y2}
#endgroup

# Clock net "U_ETH/U_ETHTOP/u_gmii_to_rgmii/u_rgmii_rx/clk_200mHz0_BUFG" driven by instance "U_ETH/U_ETHTOP/u_gmii_to_rgmii/u_rgmii_rx/clk_200mHz0_BUFG_inst" located at site "BUFGCTRL_X0Y0"
#startgroup
create_pblock {CLKAG_U_ETH/U_ETHTOP/u_gmii_to_rgmii/u_rgmii_rx/clk_200mHz0_BUFG}
add_cells_to_pblock [get_pblocks  {CLKAG_U_ETH/U_ETHTOP/u_gmii_to_rgmii/u_rgmii_rx/clk_200mHz0_BUFG}] [get_cells -filter { PRIMITIVE_GROUP != I/O && IS_PRIMITIVE==1 && PRIMITIVE_LEVEL !=INTERNAL } -of_object [get_pins -filter {DIRECTION==IN} -of_objects [get_nets -hierarchical -filter {PARENT=="U_ETH/U_ETHTOP/u_gmii_to_rgmii/u_rgmii_rx/clk_200mHz0_BUFG"}]]]
resize_pblock [get_pblocks {CLKAG_U_ETH/U_ETHTOP/u_gmii_to_rgmii/u_rgmii_rx/clk_200mHz0_BUFG}] -add {CLOCKREGION_X1Y2:CLOCKREGION_X1Y2}
#endgroup
