INFO: [VRFC 10-2263] Analyzing Verilog file "C:/Users/xie/Desktop/CABLE_SAMPLE/cable_sample_board/cable_sample_board.srcs/sources_1/ip/clk_wiz_0/clk_wiz_0_clk_wiz.v" into library xil_defaultlib
INFO: [VRFC 10-311] analyzing module clk_wiz_0_clk_wiz
INFO: [VRFC 10-2263] Analyzing Verilog file "C:/Users/xie/Desktop/CABLE_SAMPLE/cable_sample_board/cable_sample_board.srcs/sources_1/ip/clk_wiz_0/clk_wiz_0.v" into library xil_defaultlib
INFO: [VRFC 10-311] analyzing module clk_wiz_0
INFO: [VRFC 10-2263] Analyzing Verilog file "C:/Users/xie/Desktop/CABLE_SAMPLE/cable_sample_board/cable_sample_board.srcs/sources_1/ip/blk_mem_gen_0/sim/blk_mem_gen_0.v" into library xil_defaultlib
INFO: [VRFC 10-311] analyzing module blk_mem_gen_0
INFO: [VRFC 10-2263] Analyzing Verilog file "C:/Users/xie/Desktop/CABLE_SAMPLE/cable_sample_board/cable_sample_board.srcs/sources_1/ip/fifo_generator_0/sim/fifo_generator_0.v" into library xil_defaultlib
INFO: [VRFC 10-311] analyzing module fifo_generator_0
INFO: [VRFC 10-2263] Analyzing Verilog file "C:/Users/xie/Desktop/CABLE_SAMPLE/cable_sample_board/cable_sample_board.srcs/sources_1/ip/ila_0/sim/ila_0.v" into library xil_defaultlib
INFO: [VRFC 10-311] analyzing module ila_0
INFO: [VRFC 10-2263] Analyzing Verilog file "C:/Users/xie/Desktop/CABLE_SAMPLE/cable_sample_board/cable_sample_board.srcs/sources_1/ip/fifo_generator_1/sim/fifo_generator_1.v" into library xil_defaultlib
INFO: [VRFC 10-311] analyzing module fifo_generator_1
INFO: [VRFC 10-2263] Analyzing Verilog file "C:/Users/xie/Desktop/CABLE_SAMPLE/cable_sample_board/cable_sample_board.srcs/sources_1/imports/new/AC.v" into library xil_defaultlib
INFO: [VRFC 10-311] analyzing module RAC
INFO: [VRFC 10-2263] Analyzing Verilog file "C:/Users/xie/Desktop/CABLE_SAMPLE/cable_sample_board/cable_sample_board.srcs/sources_1/new/ADDA.v" into library xil_defaultlib
INFO: [VRFC 10-311] analyzing module ADDA
INFO: [VRFC 10-2263] Analyzing Verilog file "C:/Users/xie/Desktop/CABLE_SAMPLE/cable_sample_board/cable_sample_board.srcs/sources_1/new/DECDDE.v" into library xil_defaultlib
INFO: [VRFC 10-311] analyzing module DECODE
INFO: [VRFC 10-2263] Analyzing Verilog file "C:/Users/xie/Desktop/CABLE_SAMPLE/cable_sample_board/cable_sample_board.srcs/sources_1/imports/new/ED.v" into library xil_defaultlib
INFO: [VRFC 10-311] analyzing module SEDD
INFO: [VRFC 10-2263] Analyzing Verilog file "C:/Users/xie/Desktop/CABLE_SAMPLE/cable_sample_board/cable_sample_board.srcs/sources_1/new/ENCODE.v" into library xil_defaultlib
INFO: [VRFC 10-311] analyzing module ENCODE
INFO: [VRFC 10-2263] Analyzing Verilog file "C:/Users/xie/Desktop/CABLE_SAMPLE/cable_sample_board/cable_sample_board.srcs/sources_1/new/ETH_TOP.v" into library xil_defaultlib
INFO: [VRFC 10-311] analyzing module CS_TOP
INFO: [VRFC 10-2263] Analyzing Verilog file "C:/Users/xie/Desktop/CABLE_SAMPLE/cable_sample_board/cable_sample_board.srcs/sources_1/new/F_C.v" into library xil_defaultlib
INFO: [VRFC 10-311] analyzing module F_C
INFO: [VRFC 10-2263] Analyzing Verilog file "C:/Users/xie/Desktop/CABLE_SAMPLE/cable_sample_board/cable_sample_board.srcs/sources_1/new/F_R.v" into library xil_defaultlib
INFO: [VRFC 10-311] analyzing module F_R
INFO: [VRFC 10-2263] Analyzing Verilog file "C:/Users/xie/Desktop/CABLE_SAMPLE/cable_sample_board/cable_sample_board.srcs/sources_1/new/F_S_R.v" into library xil_defaultlib
INFO: [VRFC 10-311] analyzing module F_S_R
INFO: [VRFC 10-2263] Analyzing Verilog file "C:/Users/xie/Desktop/CABLE_SAMPLE/cable_sample_board/cable_sample_board.srcs/sources_1/new/F_S_W.v" into library xil_defaultlib
INFO: [VRFC 10-311] analyzing module F_S_W
INFO: [VRFC 10-2263] Analyzing Verilog file "C:/Users/xie/Desktop/CABLE_SAMPLE/cable_sample_board/cable_sample_board.srcs/sources_1/new/F_W.v" into library xil_defaultlib
INFO: [VRFC 10-311] analyzing module F_W
INFO: [VRFC 10-2263] Analyzing Verilog file "C:/Users/xie/Desktop/CABLE_SAMPLE/cable_sample_board/cable_sample_board.srcs/sources_1/imports/new/SST.v" into library xil_defaultlib
INFO: [VRFC 10-311] analyzing module SST
INFO: [VRFC 10-2263] Analyzing Verilog file "C:/Users/xie/Desktop/CABLE_SAMPLE/cable_sample_board/cable_sample_board.srcs/sources_1/new/TLD_8.v" into library xil_defaultlib
INFO: [VRFC 10-311] analyzing module TLD_TWO_8
INFO: [VRFC 10-2263] Analyzing Verilog file "C:/Users/xie/Desktop/CABLE_SAMPLE/cable_sample_board/cable_sample_board.srcs/sources_1/imports/new/TLD_TWO.v" into library xil_defaultlib
INFO: [VRFC 10-311] analyzing module TLD_TWO
INFO: [VRFC 10-2263] Analyzing Verilog file "C:/Users/xie/Desktop/CABLE_SAMPLE/cable_sample_board/cable_sample_board.srcs/sources_1/imports/new/WC.v" into library xil_defaultlib
INFO: [VRFC 10-311] analyzing module WC
INFO: [VRFC 10-2263] Analyzing Verilog file "C:/Users/xie/Desktop/CABLE_SAMPLE/cable_sample_board/cable_sample_board.srcs/sources_1/imports/sours/arp.v" into library xil_defaultlib
INFO: [VRFC 10-311] analyzing module arp
INFO: [VRFC 10-2263] Analyzing Verilog file "C:/Users/xie/Desktop/CABLE_SAMPLE/cable_sample_board/cable_sample_board.srcs/sources_1/imports/sours/arp_rx.v" into library xil_defaultlib
INFO: [VRFC 10-311] analyzing module arp_rx
INFO: [VRFC 10-2263] Analyzing Verilog file "C:/Users/xie/Desktop/CABLE_SAMPLE/cable_sample_board/cable_sample_board.srcs/sources_1/imports/sours/arp_tx.v" into library xil_defaultlib
INFO: [VRFC 10-311] analyzing module arp_tx
INFO: [VRFC 10-2263] Analyzing Verilog file "C:/Users/xie/Desktop/CABLE_SAMPLE/cable_sample_board/cable_sample_board.srcs/sources_1/imports/sours/crc32_d8.v" into library xil_defaultlib
INFO: [VRFC 10-311] analyzing module crc32_d8
INFO: [VRFC 10-2263] Analyzing Verilog file "C:/Users/xie/Desktop/CABLE_SAMPLE/cable_sample_board/cable_sample_board.srcs/sources_1/imports/sours/eth_communicate.v" into library xil_defaultlib
INFO: [VRFC 10-311] analyzing module ETH
INFO: [VRFC 10-2263] Analyzing Verilog file "C:/Users/xie/Desktop/CABLE_SAMPLE/cable_sample_board/cable_sample_board.srcs/sources_1/imports/sours/eth_ctrl.v" into library xil_defaultlib
INFO: [VRFC 10-311] analyzing module eth_ctrl
INFO: [VRFC 10-2263] Analyzing Verilog file "C:/Users/xie/Desktop/CABLE_SAMPLE/cable_sample_board/cable_sample_board.srcs/sources_1/imports/sours/eth_top.v" into library xil_defaultlib
INFO: [VRFC 10-311] analyzing module ETHTOP
INFO: [VRFC 10-2263] Analyzing Verilog file "C:/Users/xie/Desktop/CABLE_SAMPLE/cable_sample_board/cable_sample_board.srcs/sources_1/imports/sours/fifo_recive_contral.v" into library xil_defaultlib
INFO: [VRFC 10-311] analyzing module FRC
INFO: [VRFC 10-2263] Analyzing Verilog file "C:/Users/xie/Desktop/CABLE_SAMPLE/cable_sample_board/cable_sample_board.srcs/sources_1/imports/sours/fifo_send_contral.v" into library xil_defaultlib
INFO: [VRFC 10-311] analyzing module FSC
INFO: [VRFC 10-2263] Analyzing Verilog file "C:/Users/xie/Desktop/CABLE_SAMPLE/cable_sample_board/cable_sample_board.srcs/sources_1/imports/sours/gmii_to_rgmii.v" into library xil_defaultlib
INFO: [VRFC 10-311] analyzing module gmii_to_rgmii
INFO: [VRFC 10-2263] Analyzing Verilog file "C:/Users/xie/Desktop/CABLE_SAMPLE/cable_sample_board/cable_sample_board.srcs/sim_1/new/gmii_to_rgmii_up.v" into library xil_defaultlib
INFO: [VRFC 10-311] analyzing module gmii_to_rgmii_up
INFO: [VRFC 10-2263] Analyzing Verilog file "C:/Users/xie/Desktop/CABLE_SAMPLE/cable_sample_board/cable_sample_board.srcs/sources_1/imports/sours/rgmii_rx.v" into library xil_defaultlib
INFO: [VRFC 10-311] analyzing module rgmii_rx
INFO: [VRFC 10-2263] Analyzing Verilog file "C:/Users/xie/Desktop/CABLE_SAMPLE/cable_sample_board/cable_sample_board.srcs/sim_1/new/rgmii_rx_tesbench.v" into library xil_defaultlib
INFO: [VRFC 10-311] analyzing module rgmii_rx_tesbench
INFO: [VRFC 10-2263] Analyzing Verilog file "C:/Users/xie/Desktop/CABLE_SAMPLE/cable_sample_board/cable_sample_board.srcs/sources_1/imports/sours/rgmii_tx.v" into library xil_defaultlib
INFO: [VRFC 10-311] analyzing module rgmii_tx
INFO: [VRFC 10-2263] Analyzing Verilog file "C:/Users/xie/Desktop/CABLE_SAMPLE/cable_sample_board/cable_sample_board.srcs/sources_1/imports/sours/udp.v" into library xil_defaultlib
INFO: [VRFC 10-311] analyzing module udp
INFO: [VRFC 10-2263] Analyzing Verilog file "C:/Users/xie/Desktop/CABLE_SAMPLE/cable_sample_board/cable_sample_board.srcs/sources_1/imports/sours/udp_rx.v" into library xil_defaultlib
INFO: [VRFC 10-311] analyzing module udp_rx
INFO: [VRFC 10-2263] Analyzing Verilog file "C:/Users/xie/Desktop/CABLE_SAMPLE/cable_sample_board/cable_sample_board.srcs/sources_1/imports/sours/udp_tx.v" into library xil_defaultlib
INFO: [VRFC 10-311] analyzing module udp_tx
INFO: [VRFC 10-2263] Analyzing Verilog file "C:/Users/xie/Desktop/CABLE_SAMPLE/cable_sample_board/cable_sample_board.srcs/sources_1/imports/sours/width_32_to_8.v" into library xil_defaultlib
INFO: [VRFC 10-311] analyzing module W32T8
INFO: [VRFC 10-2263] Analyzing Verilog file "C:/Users/xie/Desktop/CABLE_SAMPLE/cable_sample_board/cable_sample_board.srcs/sim_1/new/ETH_TESBENCH.v" into library xil_defaultlib
INFO: [VRFC 10-311] analyzing module CS_TESBENCH
INFO: [VRFC 10-2263] Analyzing Verilog file "C:/Users/xie/Desktop/CABLE_SAMPLE/cable_sample_board/cable_sample_board.sim/sim_1/behav/xsim/glbl.v" into library xil_defaultlib
INFO: [VRFC 10-311] analyzing module glbl
